<?xml version="1.0" encoding="UTF-8"?>
<testng-results ignored="0" total="3" passed="3" failed="0" skipped="0">
  <reporter-output>
  </reporter-output>
  <suite started-at="2023-09-17T18:58:14 IST" name="OrangeHrm Application Testing" finished-at="2023-09-17T18:58:48 IST" duration-ms="33486">
    <groups>
    </groups>
    <test started-at="2023-09-17T18:58:14 IST" name=" Google" finished-at="2023-09-17T18:58:28 IST" duration-ms="13633">
      <class name="com.OrangeHRMApplicationTestcases.OrangeHrm_LoginTest">
        <test-method signature="GoogleLaunch()[pri:0, instance:com.OrangeHRMApplicationTestcases.OrangeHrm_LoginTest@1b6e1eff]" started-at="2023-09-17T18:58:14 IST" name="GoogleLaunch" finished-at="2023-09-17T18:58:28 IST" duration-ms="13548" status="PASS">
          <reporter-output>
          </reporter-output>
        </test-method> <!-- GoogleLaunch -->
      </class> <!-- com.OrangeHRMApplicationTestcases.OrangeHrm_LoginTest -->
    </test> <!--  Google -->
    <test started-at="2023-09-17T18:58:28 IST" name=" Bing" finished-at="2023-09-17T18:58:38 IST" duration-ms="9545">
      <class name="com.OrangeHRMApplicationTestcases.OrangeHrm_EmployeeListTest">
        <test-method signature="GoogleLaunch()[pri:0, instance:com.OrangeHRMApplicationTestcases.OrangeHrm_EmployeeListTest@1af2d44a]" started-at="2023-09-17T18:58:28 IST" name="GoogleLaunch" finished-at="2023-09-17T18:58:38 IST" duration-ms="9539" status="PASS">
          <reporter-output>
          </reporter-output>
        </test-method> <!-- GoogleLaunch -->
      </class> <!-- com.OrangeHRMApplicationTestcases.OrangeHrm_EmployeeListTest -->
    </test> <!--  Bing -->
    <test started-at="2023-09-17T18:58:38 IST" name="Apsrtc" finished-at="2023-09-17T18:58:48 IST" duration-ms="10204">
      <class name="com.OrangeHRMApplicationTestcases.OrangeHrm_AddEmployeeTest">
        <test-method signature="GoogleLaunch()[pri:0, instance:com.OrangeHRMApplicationTestcases.OrangeHrm_AddEmployeeTest@4fb3ee4e]" started-at="2023-09-17T18:58:38 IST" name="GoogleLaunch" finished-at="2023-09-17T18:58:48 IST" duration-ms="10198" status="PASS">
          <reporter-output>
          </reporter-output>
        </test-method> <!-- GoogleLaunch -->
      </class> <!-- com.OrangeHRMApplicationTestcases.OrangeHrm_AddEmployeeTest -->
    </test> <!-- Apsrtc -->
  </suite> <!-- OrangeHrm Application Testing -->
</testng-results>
