<?xml version="1.0" encoding="UTF-8"?>
<testng-results ignored="0" total="6" passed="6" failed="0" skipped="0">
  <reporter-output>
  </reporter-output>
  <suite started-at="2023-09-25T12:31:51 IST" name="Default suite" finished-at="2023-09-25T12:31:51 IST" duration-ms="129">
    <groups>
    </groups>
    <test started-at="2023-09-25T12:31:51 IST" name="Default test" finished-at="2023-09-25T12:31:51 IST" duration-ms="129">
      <class name="lava.testNGBasic.Basic_TestAnnotation">
        <test-method signature="Sentmail()[pri:0, instance:lava.testNGBasic.Basic_TestAnnotation@5fd4f8f5]" started-at="2023-09-25T12:31:51 IST" name="Sentmail" finished-at="2023-09-25T12:31:51 IST" duration-ms="17" status="PASS">
          <reporter-output>
          </reporter-output>
        </test-method> <!-- Sentmail -->
        <test-method signature="composemail()[pri:0, instance:lava.testNGBasic.Basic_TestAnnotation@5fd4f8f5]" started-at="2023-09-25T12:31:51 IST" name="composemail" finished-at="2023-09-25T12:31:51 IST" duration-ms="4" status="PASS">
          <reporter-output>
          </reporter-output>
        </test-method> <!-- composemail -->
        <test-method signature="gmailPage()[pri:0, instance:lava.testNGBasic.Basic_TestAnnotation@5fd4f8f5]" started-at="2023-09-25T12:31:51 IST" name="gmailPage" finished-at="2023-09-25T12:31:51 IST" duration-ms="4" status="PASS">
          <reporter-output>
          </reporter-output>
        </test-method> <!-- gmailPage -->
        <test-method signature="inboxpage()[pri:0, instance:lava.testNGBasic.Basic_TestAnnotation@5fd4f8f5]" started-at="2023-09-25T12:31:51 IST" name="inboxpage" finished-at="2023-09-25T12:31:51 IST" duration-ms="3" status="PASS">
          <reporter-output>
          </reporter-output>
        </test-method> <!-- inboxpage -->
        <test-method signature="loginPage()[pri:0, instance:lava.testNGBasic.Basic_TestAnnotation@5fd4f8f5]" started-at="2023-09-25T12:31:51 IST" name="loginPage" finished-at="2023-09-25T12:31:51 IST" duration-ms="2" status="PASS">
          <reporter-output>
          </reporter-output>
        </test-method> <!-- loginPage -->
        <test-method signature="syso()[pri:0, instance:lava.testNGBasic.Basic_TestAnnotation@5fd4f8f5]" started-at="2023-09-25T12:31:51 IST" name="syso" finished-at="2023-09-25T12:31:51 IST" duration-ms="3" status="PASS">
          <reporter-output>
          </reporter-output>
        </test-method> <!-- syso -->
      </class> <!-- lava.testNGBasic.Basic_TestAnnotation -->
    </test> <!-- Default test -->
  </suite> <!-- Default suite -->
</testng-results>
