<?xml version="1.0" encoding="UTF-8"?>
<!-- Generated by org.testng.reporters.JUnitXMLReporter -->
<testsuite ignored="0" hostname="DESKTOP-49AST56" failures="0" tests="6" name="Default test" time="0.129" errors="0" timestamp="2023-09-25T12:31:52 IST">
  <testcase classname="lava.testNGBasic.Basic_TestAnnotation" name="Sentmail" time="0.017"/>
  <testcase classname="lava.testNGBasic.Basic_TestAnnotation" name="composemail" time="0.004"/>
  <testcase classname="lava.testNGBasic.Basic_TestAnnotation" name="gmailPage" time="0.004"/>
  <testcase classname="lava.testNGBasic.Basic_TestAnnotation" name="inboxpage" time="0.003"/>
  <testcase classname="lava.testNGBasic.Basic_TestAnnotation" name="loginPage" time="0.002"/>
  <testcase classname="lava.testNGBasic.Basic_TestAnnotation" name="syso" time="0.003"/>
</testsuite> <!-- Default test -->
